<?xml version="1.0" encoding="UTF-8"?>
<coverage generated="1558113646815" clover="3.2.0">
  <project timestamp="1558113646816" name="All files">
    <metrics statements="44" coveredstatements="36" conditionals="11" coveredconditionals="9" methods="14" coveredmethods="11" elements="69" coveredelements="56" complexity="0" loc="44" ncloc="44" packages="3" files="3" classes="3">
      <package name="Sprint-Challenge--Testing">
        <metrics statements="5" coveredstatements="0" conditionals="2" coveredconditionals="0" methods="1" coveredmethods="0"/>
        <file name="index.js" path="/Users/Amarachi/Documents/LAMBDA/VS Code/Sprint-Challenge--Testing/index.js">
          <metrics statements="5" coveredstatements="0" conditionals="2" coveredconditionals="0" methods="1" coveredmethods="0"/>
          <line num="1" count="0" type="stmt"/>
          <line num="3" count="0" type="stmt"/>
          <line num="5" count="0" type="cond" truecount="0" falsecount="2"/>
          <line num="7" count="0" type="stmt"/>
          <line num="8" count="0" type="stmt"/>
        </file>
      </package>
      <package name="Sprint-Challenge--Testing.api">
        <metrics statements="32" coveredstatements="29" conditionals="9" coveredconditionals="9" methods="9" coveredmethods="7"/>
        <file name="server.js" path="/Users/Amarachi/Documents/LAMBDA/VS Code/Sprint-Challenge--Testing/api/server.js">
          <metrics statements="32" coveredstatements="29" conditionals="9" coveredconditionals="9" methods="9" coveredmethods="7"/>
          <line num="2" count="1" type="stmt"/>
          <line num="5" count="1" type="stmt"/>
          <line num="8" count="1" type="stmt"/>
          <line num="9" count="1" type="stmt"/>
          <line num="12" count="1" type="stmt"/>
          <line num="13" count="3" type="stmt"/>
          <line num="16" count="1" type="stmt"/>
          <line num="17" count="3" type="stmt"/>
          <line num="18" count="3" type="stmt"/>
          <line num="21" count="1" type="stmt"/>
          <line num="22" count="4" type="stmt"/>
          <line num="23" count="4" type="cond" truecount="5" falsecount="0"/>
          <line num="24" count="2" type="stmt"/>
          <line num="28" count="2" type="stmt"/>
          <line num="31" count="2" type="stmt"/>
          <line num="34" count="0" type="stmt"/>
          <line num="41" count="1" type="stmt"/>
          <line num="42" count="2" type="stmt"/>
          <line num="44" count="2" type="stmt"/>
          <line num="45" count="2" type="stmt"/>
          <line num="47" count="2" type="cond" truecount="2" falsecount="0"/>
          <line num="48" count="1" type="stmt"/>
          <line num="50" count="1" type="stmt"/>
          <line num="53" count="0" type="stmt"/>
          <line num="57" count="1" type="stmt"/>
          <line num="58" count="2" type="stmt"/>
          <line num="59" count="2" type="stmt"/>
          <line num="62" count="2" type="cond" truecount="2" falsecount="0"/>
          <line num="63" count="1" type="stmt"/>
          <line num="65" count="1" type="stmt"/>
          <line num="71" count="0" type="stmt"/>
          <line num="77" count="1" type="stmt"/>
        </file>
      </package>
      <package name="Sprint-Challenge--Testing.games">
        <metrics statements="7" coveredstatements="7" conditionals="0" coveredconditionals="0" methods="4" coveredmethods="4"/>
        <file name="gamesModel.js" path="/Users/Amarachi/Documents/LAMBDA/VS Code/Sprint-Challenge--Testing/games/gamesModel.js">
          <metrics statements="7" coveredstatements="7" conditionals="0" coveredconditionals="0" methods="4" coveredmethods="4"/>
          <line num="1" count="1" type="stmt"/>
          <line num="3" count="1" type="stmt"/>
          <line num="11" count="3" type="stmt"/>
          <line num="15" count="2" type="stmt"/>
          <line num="21" count="2" type="stmt"/>
          <line num="23" count="2" type="stmt"/>
          <line num="29" count="2" type="stmt"/>
        </file>
      </package>
    </metrics>
  </project>
</coverage>
