<?xml version="1.0" encoding="UTF-8"?>
<coverage generated="1558111037966" clover="3.2.0">
  <project timestamp="1558111037966" name="All files">
    <metrics statements="22" coveredstatements="21" conditionals="5" coveredconditionals="5" methods="7" coveredmethods="6" elements="34" coveredelements="32" complexity="0" loc="22" ncloc="22" packages="2" files="2" classes="2">
      <package name="api">
        <metrics statements="17" coveredstatements="16" conditionals="5" coveredconditionals="5" methods="5" coveredmethods="4"/>
        <file name="server.js" path="/Users/Amarachi/Documents/LAMBDA/VS Code/Sprint-Challenge--Testing/api/server.js">
          <metrics statements="17" coveredstatements="16" conditionals="5" coveredconditionals="5" methods="5" coveredmethods="4"/>
          <line num="2" count="1" type="stmt"/>
          <line num="5" count="1" type="stmt"/>
          <line num="8" count="1" type="stmt"/>
          <line num="9" count="1" type="stmt"/>
          <line num="12" count="1" type="stmt"/>
          <line num="13" count="3" type="stmt"/>
          <line num="16" count="1" type="stmt"/>
          <line num="17" count="3" type="stmt"/>
          <line num="18" count="3" type="stmt"/>
          <line num="21" count="1" type="stmt"/>
          <line num="22" count="4" type="stmt"/>
          <line num="23" count="4" type="cond" truecount="5" falsecount="0"/>
          <line num="24" count="2" type="stmt"/>
          <line num="28" count="2" type="stmt"/>
          <line num="31" count="2" type="stmt"/>
          <line num="34" count="0" type="stmt"/>
          <line num="39" count="1" type="stmt"/>
        </file>
      </package>
      <package name="games">
        <metrics statements="5" coveredstatements="5" conditionals="0" coveredconditionals="0" methods="2" coveredmethods="2"/>
        <file name="gamesModel.js" path="/Users/Amarachi/Documents/LAMBDA/VS Code/Sprint-Challenge--Testing/games/gamesModel.js">
          <metrics statements="5" coveredstatements="5" conditionals="0" coveredconditionals="0" methods="2" coveredmethods="2"/>
          <line num="1" count="1" type="stmt"/>
          <line num="3" count="1" type="stmt"/>
          <line num="11" count="3" type="stmt"/>
          <line num="15" count="2" type="stmt"/>
          <line num="17" count="2" type="stmt"/>
        </file>
      </package>
    </metrics>
  </project>
</coverage>
