{"/Users/Amarachi/Documents/LAMBDA/VS Code/Sprint-Challenge--Testing/index.js": {"path":"/Users/Amarachi/Documents/LAMBDA/VS Code/Sprint-Challenge--Testing/index.js","statementMap":{"0":{"start":{"line":1,"column":0},"end":{"line":null,"column":-1}},"1":{"start":{"line":3,"column":15},"end":{"line":3,"column":0}},"2":{"start":{"line":5,"column":13},"end":{"line":5,"column":0}},"3":{"start":{"line":7,"column":0},"end":{"line":null,"column":-1}},"4":{"start":{"line":8,"column":2},"end":{"line":null,"column":-1}}},"fnMap":{"0":{"name":"(anonymous_0)","decl":{"start":{"line":7,"column":20},"end":{"line":7,"column":25}},"loc":{"start":{"line":7,"column":26},"end":{"line":7,"column":0}}}},"branchMap":{"0":{"loc":{"start":{"line":5,"column":13},"end":{"line":5,"column":12}},"type":"binary-expr","locations":[{"start":{"line":5,"column":13},"end":{"line":5,"column":12}},{"start":{"line":5,"column":33},"end":{"line":5,"column":0}}]}},"s":{"0":0,"1":0,"2":0,"3":0,"4":0},"f":{"0":0},"b":{"0":[0,0]}}
,"/Users/Amarachi/Documents/LAMBDA/VS Code/Sprint-Challenge--Testing/api/server.js": {"path":"/Users/Amarachi/Documents/LAMBDA/VS Code/Sprint-Challenge--Testing/api/server.js","statementMap":{"0":{"start":{"line":2,"column":16},"end":{"line":2,"column":34}},"1":{"start":{"line":5,"column":14},"end":{"line":5,"column":47}},"2":{"start":{"line":8,"column":15},"end":{"line":8,"column":24}},"3":{"start":{"line":9,"column":0},"end":{"line":9,"column":27}},"4":{"start":{"line":12,"column":0},"end":{"line":14,"column":3}},"5":{"start":{"line":13,"column":2},"end":{"line":13,"column":50}},"6":{"start":{"line":16,"column":0},"end":{"line":19,"column":3}},"7":{"start":{"line":17,"column":15},"end":{"line":17,"column":36}},"8":{"start":{"line":18,"column":2},"end":{"line":18,"column":29}},"9":{"start":{"line":21,"column":0},"end":{"line":37,"column":3}},"10":{"start":{"line":22,"column":18},"end":{"line":22,"column":26}},"11":{"start":{"line":23,"column":2},"end":{"line":36,"column":3}},"12":{"start":{"line":24,"column":4},"end":{"line":26,"column":74}},"13":{"start":{"line":28,"column":4},"end":{"line":35,"column":9}},"14":{"start":{"line":31,"column":8},"end":{"line":31,"column":35}},"15":{"start":{"line":34,"column":8},"end":{"line":34,"column":62}},"16":{"start":{"line":41,"column":0},"end":{"line":55,"column":3}},"17":{"start":{"line":42,"column":17},"end":{"line":42,"column":30}},"18":{"start":{"line":44,"column":2},"end":{"line":54,"column":3}},"19":{"start":{"line":45,"column":17},"end":{"line":45,"column":45}},"20":{"start":{"line":47,"column":4},"end":{"line":51,"column":5}},"21":{"start":{"line":48,"column":6},"end":{"line":48,"column":33}},"22":{"start":{"line":50,"column":6},"end":{"line":50,"column":58}},"23":{"start":{"line":53,"column":4},"end":{"line":53,"column":66}},"24":{"start":{"line":57,"column":0},"end":{"line":75,"column":3}},"25":{"start":{"line":58,"column":17},"end":{"line":58,"column":30}},"26":{"start":{"line":59,"column":2},"end":{"line":74,"column":7}},"27":{"start":{"line":62,"column":6},"end":{"line":68,"column":7}},"28":{"start":{"line":63,"column":8},"end":{"line":63,"column":35}},"29":{"start":{"line":65,"column":8},"end":{"line":67,"column":11}},"30":{"start":{"line":71,"column":6},"end":{"line":73,"column":9}},"31":{"start":{"line":77,"column":0},"end":{"line":77,"column":24}}},"fnMap":{"0":{"name":"(anonymous_0)","decl":{"start":{"line":12,"column":16},"end":{"line":12,"column":17}},"loc":{"start":{"line":12,"column":30},"end":{"line":14,"column":1}},"line":12},"1":{"name":"(anonymous_1)","decl":{"start":{"line":16,"column":21},"end":{"line":16,"column":22}},"loc":{"start":{"line":16,"column":41},"end":{"line":19,"column":1}},"line":16},"2":{"name":"(anonymous_2)","decl":{"start":{"line":21,"column":22},"end":{"line":21,"column":23}},"loc":{"start":{"line":21,"column":36},"end":{"line":37,"column":1}},"line":21},"3":{"name":"(anonymous_3)","decl":{"start":{"line":30,"column":12},"end":{"line":30,"column":13}},"loc":{"start":{"line":30,"column":20},"end":{"line":32,"column":7}},"line":30},"4":{"name":"(anonymous_4)","decl":{"start":{"line":33,"column":13},"end":{"line":33,"column":14}},"loc":{"start":{"line":33,"column":20},"end":{"line":35,"column":7}},"line":33},"5":{"name":"(anonymous_5)","decl":{"start":{"line":41,"column":25},"end":{"line":41,"column":26}},"loc":{"start":{"line":41,"column":45},"end":{"line":55,"column":1}},"line":41},"6":{"name":"(anonymous_6)","decl":{"start":{"line":57,"column":28},"end":{"line":57,"column":29}},"loc":{"start":{"line":57,"column":42},"end":{"line":75,"column":1}},"line":57},"7":{"name":"(anonymous_7)","decl":{"start":{"line":61,"column":10},"end":{"line":61,"column":11}},"loc":{"start":{"line":61,"column":18},"end":{"line":69,"column":5}},"line":61},"8":{"name":"(anonymous_8)","decl":{"start":{"line":70,"column":11},"end":{"line":70,"column":12}},"loc":{"start":{"line":70,"column":18},"end":{"line":74,"column":5}},"line":70}},"branchMap":{"0":{"loc":{"start":{"line":23,"column":2},"end":{"line":36,"column":3}},"type":"if","locations":[{"start":{"line":23,"column":2},"end":{"line":36,"column":3}},{"start":{"line":23,"column":2},"end":{"line":36,"column":3}}],"line":23},"1":{"loc":{"start":{"line":23,"column":6},"end":{"line":23,"column":50}},"type":"binary-expr","locations":[{"start":{"line":23,"column":6},"end":{"line":23,"column":14}},{"start":{"line":23,"column":18},"end":{"line":23,"column":32}},{"start":{"line":23,"column":36},"end":{"line":23,"column":50}}],"line":23},"2":{"loc":{"start":{"line":47,"column":4},"end":{"line":51,"column":5}},"type":"if","locations":[{"start":{"line":47,"column":4},"end":{"line":51,"column":5}},{"start":{"line":47,"column":4},"end":{"line":51,"column":5}}],"line":47},"3":{"loc":{"start":{"line":62,"column":6},"end":{"line":68,"column":7}},"type":"if","locations":[{"start":{"line":62,"column":6},"end":{"line":68,"column":7}},{"start":{"line":62,"column":6},"end":{"line":68,"column":7}}],"line":62}},"s":{"0":1,"1":1,"2":1,"3":1,"4":1,"5":3,"6":1,"7":3,"8":3,"9":1,"10":4,"11":4,"12":2,"13":2,"14":2,"15":0,"16":1,"17":2,"18":2,"19":2,"20":2,"21":1,"22":1,"23":0,"24":1,"25":2,"26":2,"27":2,"28":1,"29":1,"30":0,"31":1},"f":{"0":3,"1":3,"2":4,"3":2,"4":0,"5":2,"6":2,"7":2,"8":0},"b":{"0":[2,2],"1":[4,4,2],"2":[1,1],"3":[1,1]},"_coverageSchema":"332fd63041d2c1bcb487cc26dd0d5f7d97098a6c","hash":"60ecb5ab91d4f6b5524f823885174c3a473c59e3"}
,"/Users/Amarachi/Documents/LAMBDA/VS Code/Sprint-Challenge--Testing/games/gamesModel.js": {"path":"/Users/Amarachi/Documents/LAMBDA/VS Code/Sprint-Challenge--Testing/games/gamesModel.js","statementMap":{"0":{"start":{"line":1,"column":11},"end":{"line":1,"column":45}},"1":{"start":{"line":3,"column":0},"end":{"line":8,"column":2}},"2":{"start":{"line":11,"column":2},"end":{"line":11,"column":21}},"3":{"start":{"line":15,"column":2},"end":{"line":17,"column":13}},"4":{"start":{"line":21,"column":14},"end":{"line":21,"column":50}},"5":{"start":{"line":23,"column":2},"end":{"line":25,"column":13}},"6":{"start":{"line":29,"column":2},"end":{"line":31,"column":11}}},"fnMap":{"0":{"name":"findAll","decl":{"start":{"line":10,"column":9},"end":{"line":10,"column":16}},"loc":{"start":{"line":10,"column":19},"end":{"line":12,"column":1}},"line":10},"1":{"name":"findById","decl":{"start":{"line":14,"column":9},"end":{"line":14,"column":17}},"loc":{"start":{"line":14,"column":22},"end":{"line":18,"column":1}},"line":14},"2":{"name":"add","decl":{"start":{"line":20,"column":15},"end":{"line":20,"column":18}},"loc":{"start":{"line":20,"column":25},"end":{"line":26,"column":1}},"line":20},"3":{"name":"remove","decl":{"start":{"line":28,"column":9},"end":{"line":28,"column":15}},"loc":{"start":{"line":28,"column":20},"end":{"line":32,"column":1}},"line":28}},"branchMap":{},"s":{"0":1,"1":1,"2":3,"3":2,"4":2,"5":2,"6":2},"f":{"0":3,"1":2,"2":2,"3":2},"b":{},"_coverageSchema":"332fd63041d2c1bcb487cc26dd0d5f7d97098a6c","hash":"c75a38b957f4717f2920351d6e7228e813c4690f"}
}
