{"/Users/Amarachi/Documents/LAMBDA/VS Code/Sprint-Challenge--Testing/games/gamesModel.js": {"path":"/Users/Amarachi/Documents/LAMBDA/VS Code/Sprint-Challenge--Testing/games/gamesModel.js","statementMap":{"0":{"start":{"line":1,"column":11},"end":{"line":1,"column":45}},"1":{"start":{"line":3,"column":0},"end":{"line":8,"column":2}},"2":{"start":{"line":11,"column":4},"end":{"line":11,"column":23}},"3":{"start":{"line":15,"column":16},"end":{"line":15,"column":52}},"4":{"start":{"line":17,"column":4},"end":{"line":17,"column":53}}},"fnMap":{"0":{"name":"findAll","decl":{"start":{"line":10,"column":9},"end":{"line":10,"column":16}},"loc":{"start":{"line":10,"column":19},"end":{"line":12,"column":1}},"line":10},"1":{"name":"add","decl":{"start":{"line":14,"column":15},"end":{"line":14,"column":18}},"loc":{"start":{"line":14,"column":25},"end":{"line":18,"column":1}},"line":14}},"branchMap":{},"s":{"0":1,"1":1,"2":3,"3":0,"4":0},"f":{"0":3,"1":0},"b":{},"_coverageSchema":"332fd63041d2c1bcb487cc26dd0d5f7d97098a6c","hash":"e3c4e5329479e8dc67d882c129df04e548cddcb5"}
}
