TN:
SF:/Users/Amarachi/Documents/LAMBDA/VS Code/Sprint-Challenge--Testing/index.js
FN:7,(anonymous_0)
FNF:1
FNH:0
FNDA:0,(anonymous_0)
DA:1,0
DA:3,0
DA:5,0
DA:7,0
DA:8,0
LF:5
LH:0
BRDA:5,0,0,0
BRDA:5,0,1,0
BRF:2
BRH:0
end_of_record
TN:
SF:/Users/Amarachi/Documents/LAMBDA/VS Code/Sprint-Challenge--Testing/api/server.js
FN:12,(anonymous_0)
FN:16,(anonymous_1)
FN:21,(anonymous_2)
FN:30,(anonymous_3)
FN:33,(anonymous_4)
FN:41,(anonymous_5)
FN:57,(anonymous_6)
FN:61,(anonymous_7)
FN:70,(anonymous_8)
FNF:9
FNH:7
FNDA:3,(anonymous_0)
FNDA:3,(anonymous_1)
FNDA:4,(anonymous_2)
FNDA:2,(anonymous_3)
FNDA:0,(anonymous_4)
FNDA:2,(anonymous_5)
FNDA:2,(anonymous_6)
FNDA:2,(anonymous_7)
FNDA:0,(anonymous_8)
DA:2,1
DA:5,1
DA:8,1
DA:9,1
DA:12,1
DA:13,3
DA:16,1
DA:17,3
DA:18,3
DA:21,1
DA:22,4
DA:23,4
DA:24,2
DA:28,2
DA:31,2
DA:34,0
DA:41,1
DA:42,2
DA:44,2
DA:45,2
DA:47,2
DA:48,1
DA:50,1
DA:53,0
DA:57,1
DA:58,2
DA:59,2
DA:62,2
DA:63,1
DA:65,1
DA:71,0
DA:77,1
LF:32
LH:29
BRDA:23,0,0,2
BRDA:23,0,1,2
BRDA:23,1,0,4
BRDA:23,1,1,4
BRDA:23,1,2,2
BRDA:47,2,0,1
BRDA:47,2,1,1
BRDA:62,3,0,1
BRDA:62,3,1,1
BRF:9
BRH:9
end_of_record
TN:
SF:/Users/Amarachi/Documents/LAMBDA/VS Code/Sprint-Challenge--Testing/games/gamesModel.js
FN:10,findAll
FN:14,findById
FN:20,add
FN:28,remove
FNF:4
FNH:4
FNDA:3,findAll
FNDA:2,findById
FNDA:2,add
FNDA:2,remove
DA:1,1
DA:3,1
DA:11,3
DA:15,2
DA:21,2
DA:23,2
DA:29,2
LF:7
LH:7
BRF:0
BRH:0
end_of_record
