TN:
SF:/Users/Amarachi/Documents/LAMBDA/VS Code/Sprint-Challenge--Testing/api/server.js
FN:12,(anonymous_0)
FN:16,(anonymous_1)
FN:21,(anonymous_2)
FN:30,(anonymous_3)
FN:33,(anonymous_4)
FNF:5
FNH:4
FNDA:3,(anonymous_0)
FNDA:3,(anonymous_1)
FNDA:4,(anonymous_2)
FNDA:2,(anonymous_3)
FNDA:0,(anonymous_4)
DA:2,1
DA:5,1
DA:8,1
DA:9,1
DA:12,1
DA:13,3
DA:16,1
DA:17,3
DA:18,3
DA:21,1
DA:22,4
DA:23,4
DA:24,2
DA:28,2
DA:31,2
DA:34,0
DA:39,1
LF:17
LH:16
BRDA:23,0,0,2
BRDA:23,0,1,2
BRDA:23,1,0,4
BRDA:23,1,1,4
BRDA:23,1,2,2
BRF:5
BRH:5
end_of_record
TN:
SF:/Users/Amarachi/Documents/LAMBDA/VS Code/Sprint-Challenge--Testing/games/gamesModel.js
FN:10,findAll
FN:14,add
FNF:2
FNH:2
FNDA:3,findAll
FNDA:2,add
DA:1,1
DA:3,1
DA:11,3
DA:15,2
DA:17,2
LF:5
LH:5
BRF:0
BRH:0
end_of_record
